Determining if the pthread_create exist failed with the following output:
Change Dir: /home/ozkahraman/catkin_ws/src/ogretici_paket/build/CMakeFiles/CMakeTmp

Run Build Command:"/usr/bin/make" "cmTC_ea9ba/fast"
/usr/bin/make -f CMakeFiles/cmTC_ea9ba.dir/build.make CMakeFiles/cmTC_ea9ba.dir/build
make[1]: Entering directory '/home/ozkahraman/catkin_ws/src/ogretici_paket/build/CMakeFiles/CMakeTmp'
Building C object CMakeFiles/cmTC_ea9ba.dir/CheckSymbolExists.c.o
/usr/lib/ccache/gcc    -o CMakeFiles/cmTC_ea9ba.dir/CheckSymbolExists.c.o   -c /home/ozkahraman/catkin_ws/src/ogretici_paket/build/CMakeFiles/CMakeTmp/CheckSymbolExists.c
Linking C executable cmTC_ea9ba
/usr/bin/cmake -E cmake_link_script CMakeFiles/cmTC_ea9ba.dir/link.txt --verbose=1
/usr/lib/ccache/gcc      -rdynamic CMakeFiles/cmTC_ea9ba.dir/CheckSymbolExists.c.o  -o cmTC_ea9ba 
CMakeFiles/cmTC_ea9ba.dir/CheckSymbolExists.c.o: In function `main':
CheckSymbolExists.c:(.text+0x1b): undefined reference to `pthread_create'
collect2: error: ld returned 1 exit status
CMakeFiles/cmTC_ea9ba.dir/build.make:97: recipe for target 'cmTC_ea9ba' failed
make[1]: *** [cmTC_ea9ba] Error 1
make[1]: Leaving directory '/home/ozkahraman/catkin_ws/src/ogretici_paket/build/CMakeFiles/CMakeTmp'
Makefile:126: recipe for target 'cmTC_ea9ba/fast' failed
make: *** [cmTC_ea9ba/fast] Error 2

File /home/ozkahraman/catkin_ws/src/ogretici_paket/build/CMakeFiles/CMakeTmp/CheckSymbolExists.c:
/* */
#include <pthread.h>

int main(int argc, char** argv)
{
  (void)argv;
#ifndef pthread_create
  return ((int*)(&pthread_create))[argc];
#else
  (void)argc;
  return 0;
#endif
}

Determining if the function pthread_create exists in the pthreads failed with the following output:
Change Dir: /home/ozkahraman/catkin_ws/src/ogretici_paket/build/CMakeFiles/CMakeTmp

Run Build Command:"/usr/bin/make" "cmTC_34167/fast"
/usr/bin/make -f CMakeFiles/cmTC_34167.dir/build.make CMakeFiles/cmTC_34167.dir/build
make[1]: Entering directory '/home/ozkahraman/catkin_ws/src/ogretici_paket/build/CMakeFiles/CMakeTmp'
Building C object CMakeFiles/cmTC_34167.dir/CheckFunctionExists.c.o
/usr/lib/ccache/gcc   -DCHECK_FUNCTION_EXISTS=pthread_create   -o CMakeFiles/cmTC_34167.dir/CheckFunctionExists.c.o   -c /usr/share/cmake-3.10/Modules/CheckFunctionExists.c
Linking C executable cmTC_34167
/usr/bin/cmake -E cmake_link_script CMakeFiles/cmTC_34167.dir/link.txt --verbose=1
/usr/lib/ccache/gcc  -DCHECK_FUNCTION_EXISTS=pthread_create    -rdynamic CMakeFiles/cmTC_34167.dir/CheckFunctionExists.c.o  -o cmTC_34167 -lpthreads 
/usr/bin/ld: cannot find -lpthreads
collect2: error: ld returned 1 exit status
CMakeFiles/cmTC_34167.dir/build.make:97: recipe for target 'cmTC_34167' failed
make[1]: *** [cmTC_34167] Error 1
make[1]: Leaving directory '/home/ozkahraman/catkin_ws/src/ogretici_paket/build/CMakeFiles/CMakeTmp'
Makefile:126: recipe for target 'cmTC_34167/fast' failed
make: *** [cmTC_34167/fast] Error 2


